{"/home/runner/work/WindowReferenceStore/WindowReferenceStore/src/WindowReferenceStore.ts": {"path":"/home/runner/work/WindowReferenceStore/WindowReferenceStore/src/WindowReferenceStore.ts","statementMap":{"0":{"start":{"line":1,"column":1},"end":{"line":1,"column":null}},"1":{"start":{"line":5,"column":14},"end":{"line":5,"column":30}},"2":{"start":{"line":5,"column":30},"end":{"line":5,"column":46}},"3":{"start":{"line":5,"column":46},"end":{"line":5,"column":null}},"4":{"start":{"line":2,"column":10},"end":{"line":2,"column":50}},"5":{"start":{"line":3,"column":10},"end":{"line":3,"column":25}},"6":{"start":{"line":4,"column":10},"end":{"line":4,"column":36}},"7":{"start":{"line":6,"column":4},"end":{"line":10,"column":null}},"8":{"start":{"line":7,"column":6},"end":{"line":7,"column":38}},"9":{"start":{"line":9,"column":6},"end":{"line":9,"column":77}},"10":{"start":{"line":12,"column":4},"end":{"line":19,"column":null}},"11":{"start":{"line":13,"column":6},"end":{"line":13,"column":33}},"12":{"start":{"line":15,"column":6},"end":{"line":17,"column":8}},"13":{"start":{"line":18,"column":6},"end":{"line":18,"column":13}},"14":{"start":{"line":21,"column":4},"end":{"line":23,"column":null}},"15":{"start":{"line":22,"column":6},"end":{"line":22,"column":32}},"16":{"start":{"line":24,"column":4},"end":{"line":24,"column":50}},"17":{"start":{"line":25,"column":4},"end":{"line":25,"column":60}},"18":{"start":{"line":26,"column":4},"end":{"line":26,"column":36}},"19":{"start":{"line":29,"column":10},"end":{"line":36,"column":null}},"20":{"start":{"line":30,"column":4},"end":{"line":32,"column":null}},"21":{"start":{"line":31,"column":6},"end":{"line":31,"column":42}},"22":{"start":{"line":33,"column":4},"end":{"line":35,"column":null}},"23":{"start":{"line":34,"column":6},"end":{"line":34,"column":58}},"24":{"start":{"line":38,"column":9},"end":{"line":48,"column":null}},"25":{"start":{"line":39,"column":4},"end":{"line":44,"column":null}},"26":{"start":{"line":40,"column":6},"end":{"line":42,"column":8}},"27":{"start":{"line":43,"column":6},"end":{"line":43,"column":19}},"28":{"start":{"line":45,"column":4},"end":{"line":47,"column":6}},"29":{"start":{"line":50,"column":9},"end":{"line":58,"column":null}},"30":{"start":{"line":51,"column":4},"end":{"line":56,"column":null}},"31":{"start":{"line":52,"column":6},"end":{"line":54,"column":8}},"32":{"start":{"line":55,"column":6},"end":{"line":55,"column":19}},"33":{"start":{"line":57,"column":4},"end":{"line":57,"column":63}},"34":{"start":{"line":60,"column":9},"end":{"line":80,"column":null}},"35":{"start":{"line":60,"column":36},"end":{"line":60,"column":null}},"36":{"start":{"line":61,"column":4},"end":{"line":61,"column":48}},"37":{"start":{"line":62,"column":4},"end":{"line":67,"column":null}},"38":{"start":{"line":63,"column":6},"end":{"line":65,"column":8}},"39":{"start":{"line":66,"column":6},"end":{"line":66,"column":19}},"40":{"start":{"line":68,"column":4},"end":{"line":73,"column":null}},"41":{"start":{"line":69,"column":6},"end":{"line":71,"column":8}},"42":{"start":{"line":72,"column":6},"end":{"line":72,"column":19}},"43":{"start":{"line":74,"column":4},"end":{"line":79,"column":null}},"44":{"start":{"line":75,"column":6},"end":{"line":75,"column":64}},"45":{"start":{"line":76,"column":6},"end":{"line":76,"column":18}},"46":{"start":{"line":78,"column":6},"end":{"line":78,"column":19}},"47":{"start":{"line":82,"column":9},"end":{"line":87,"column":null}},"48":{"start":{"line":83,"column":4},"end":{"line":85,"column":null}},"49":{"start":{"line":84,"column":6},"end":{"line":84,"column":72}},"50":{"start":{"line":86,"column":4},"end":{"line":86,"column":17}},"51":{"start":{"line":88,"column":0},"end":{"line":88,"column":null}}},"fnMap":{"0":{"name":"(anonymous_0)","decl":{"start":{"line":1,"column":1},"end":{"line":1,"column":null}},"loc":{"start":{"line":1,"column":1},"end":{"line":88,"column":null}}},"1":{"name":"WindowReferenceStore","decl":{"start":{"line":5,"column":2},"end":{"line":5,"column":14}},"loc":{"start":{"line":5,"column":59},"end":{"line":27,"column":3}}},"2":{"name":"(anonymous_2)","decl":{"start":{"line":29,"column":2},"end":{"line":29,"column":10}},"loc":{"start":{"line":29,"column":2},"end":{"line":36,"column":3}}},"3":{"name":"(anonymous_3)","decl":{"start":{"line":38,"column":2},"end":{"line":38,"column":9}},"loc":{"start":{"line":38,"column":16},"end":{"line":48,"column":3}}},"4":{"name":"(anonymous_4)","decl":{"start":{"line":50,"column":2},"end":{"line":50,"column":9}},"loc":{"start":{"line":50,"column":16},"end":{"line":58,"column":3}}},"5":{"name":"(anonymous_5)","decl":{"start":{"line":60,"column":2},"end":{"line":60,"column":9}},"loc":{"start":{"line":60,"column":52},"end":{"line":80,"column":3}}},"6":{"name":"(anonymous_6)","decl":{"start":{"line":82,"column":2},"end":{"line":82,"column":9}},"loc":{"start":{"line":82,"column":19},"end":{"line":87,"column":3}}}},"branchMap":{"0":{"loc":{"start":{"line":5,"column":14},"end":{"line":5,"column":30}},"type":"if","locations":[{"start":{"line":5,"column":14},"end":{"line":5,"column":30}},{"start":{"line":5,"column":14},"end":{"line":5,"column":30}}]},"1":{"loc":{"start":{"line":5,"column":30},"end":{"line":5,"column":46}},"type":"if","locations":[{"start":{"line":5,"column":30},"end":{"line":5,"column":46}},{"start":{"line":5,"column":30},"end":{"line":5,"column":46}}]},"2":{"loc":{"start":{"line":5,"column":46},"end":{"line":5,"column":null}},"type":"if","locations":[{"start":{"line":5,"column":46},"end":{"line":5,"column":null}},{"start":{"line":5,"column":46},"end":{"line":5,"column":null}}]},"3":{"loc":{"start":{"line":6,"column":4},"end":{"line":10,"column":null}},"type":"if","locations":[{"start":{"line":6,"column":4},"end":{"line":10,"column":null}},{"start":{"line":6,"column":4},"end":{"line":10,"column":null}}]},"4":{"loc":{"start":{"line":12,"column":4},"end":{"line":19,"column":null}},"type":"if","locations":[{"start":{"line":12,"column":4},"end":{"line":19,"column":null}},{"start":{"line":12,"column":4},"end":{"line":19,"column":null}}]},"5":{"loc":{"start":{"line":21,"column":4},"end":{"line":23,"column":null}},"type":"if","locations":[{"start":{"line":21,"column":4},"end":{"line":23,"column":null}},{"start":{"line":21,"column":4},"end":{"line":23,"column":null}}]},"6":{"loc":{"start":{"line":30,"column":4},"end":{"line":32,"column":null}},"type":"if","locations":[{"start":{"line":30,"column":4},"end":{"line":32,"column":null}},{"start":{"line":30,"column":4},"end":{"line":32,"column":null}}]},"7":{"loc":{"start":{"line":33,"column":4},"end":{"line":35,"column":null}},"type":"if","locations":[{"start":{"line":33,"column":4},"end":{"line":35,"column":null}},{"start":{"line":33,"column":4},"end":{"line":35,"column":null}}]},"8":{"loc":{"start":{"line":39,"column":4},"end":{"line":44,"column":null}},"type":"if","locations":[{"start":{"line":39,"column":4},"end":{"line":44,"column":null}},{"start":{"line":39,"column":4},"end":{"line":44,"column":null}}]},"9":{"loc":{"start":{"line":51,"column":4},"end":{"line":56,"column":null}},"type":"if","locations":[{"start":{"line":51,"column":4},"end":{"line":56,"column":null}},{"start":{"line":51,"column":4},"end":{"line":56,"column":null}}]},"10":{"loc":{"start":{"line":60,"column":36},"end":{"line":60,"column":null}},"type":"if","locations":[{"start":{"line":60,"column":36},"end":{"line":60,"column":null}},{"start":{"line":60,"column":36},"end":{"line":60,"column":null}}]},"11":{"loc":{"start":{"line":62,"column":4},"end":{"line":67,"column":null}},"type":"if","locations":[{"start":{"line":62,"column":4},"end":{"line":67,"column":null}},{"start":{"line":62,"column":4},"end":{"line":67,"column":null}}]},"12":{"loc":{"start":{"line":62,"column":8},"end":{"line":62,"column":21}},"type":"binary-expr","locations":[{"start":{"line":62,"column":8},"end":{"line":62,"column":21}},{"start":{"line":62,"column":25},"end":{"line":62,"column":34}}]},"13":{"loc":{"start":{"line":68,"column":4},"end":{"line":73,"column":null}},"type":"if","locations":[{"start":{"line":68,"column":4},"end":{"line":73,"column":null}},{"start":{"line":68,"column":4},"end":{"line":73,"column":null}}]},"14":{"loc":{"start":{"line":83,"column":4},"end":{"line":85,"column":null}},"type":"if","locations":[{"start":{"line":83,"column":4},"end":{"line":85,"column":null}},{"start":{"line":83,"column":4},"end":{"line":85,"column":null}}]}},"s":{"0":1,"1":2,"2":2,"3":2,"4":1,"5":1,"6":1,"7":1,"8":0,"9":1,"10":1,"11":0,"12":1,"13":1,"14":0,"15":0,"16":0,"17":0,"18":0,"19":1,"20":0,"21":0,"22":0,"23":0,"24":1,"25":0,"26":0,"27":0,"28":0,"29":1,"30":0,"31":0,"32":0,"33":0,"34":1,"35":0,"36":0,"37":0,"38":0,"39":0,"40":0,"41":0,"42":0,"43":0,"44":0,"45":0,"46":0,"47":1,"48":0,"49":0,"50":0,"51":1},"f":{"0":1,"1":1,"2":0,"3":0,"4":0,"5":0,"6":0},"b":{"0":[1,0],"1":[1,0],"2":[1,0],"3":[0,1],"4":[0,1],"5":[0,0],"6":[0,0],"7":[0,0],"8":[0,0],"9":[0,0],"10":[0,0],"11":[0,0],"12":[0,0],"13":[0,0],"14":[0,0]}}
}
