TN:
SF:src/WindowReferenceStore.ts
FN:1,(anonymous_0)
FN:5,WindowReferenceStore
FN:29,(anonymous_2)
FN:38,(anonymous_3)
FN:50,(anonymous_4)
FN:60,(anonymous_5)
FN:82,(anonymous_6)
FNF:7
FNH:2
FNDA:1,(anonymous_0)
FNDA:1,WindowReferenceStore
FNDA:0,(anonymous_2)
FNDA:0,(anonymous_3)
FNDA:0,(anonymous_4)
FNDA:0,(anonymous_5)
FNDA:0,(anonymous_6)
DA:1,1
DA:2,1
DA:3,1
DA:4,1
DA:5,2
DA:6,1
DA:7,0
DA:9,1
DA:12,1
DA:13,0
DA:15,1
DA:18,1
DA:21,0
DA:22,0
DA:24,0
DA:25,0
DA:26,0
DA:29,1
DA:30,0
DA:31,0
DA:33,0
DA:34,0
DA:38,1
DA:39,0
DA:40,0
DA:43,0
DA:45,0
DA:50,1
DA:51,0
DA:52,0
DA:55,0
DA:57,0
DA:60,1
DA:61,0
DA:62,0
DA:63,0
DA:66,0
DA:68,0
DA:69,0
DA:72,0
DA:74,0
DA:75,0
DA:76,0
DA:78,0
DA:82,1
DA:83,0
DA:84,0
DA:86,0
DA:88,1
LF:49
LH:16
BRDA:5,0,0,1
BRDA:5,0,1,0
BRDA:5,1,0,1
BRDA:5,1,1,0
BRDA:5,2,0,1
BRDA:5,2,1,0
BRDA:6,3,0,0
BRDA:6,3,1,1
BRDA:12,4,0,0
BRDA:12,4,1,1
BRDA:21,5,0,0
BRDA:21,5,1,0
BRDA:30,6,0,0
BRDA:30,6,1,0
BRDA:33,7,0,0
BRDA:33,7,1,0
BRDA:39,8,0,0
BRDA:39,8,1,0
BRDA:51,9,0,0
BRDA:51,9,1,0
BRDA:60,10,0,0
BRDA:60,10,1,0
BRDA:62,11,0,0
BRDA:62,11,1,0
BRDA:62,12,0,0
BRDA:62,12,1,0
BRDA:68,13,0,0
BRDA:68,13,1,0
BRDA:83,14,0,0
BRDA:83,14,1,0
BRF:30
BRH:5
end_of_record
